<?xml version="1.0" encoding="UTF-8"?>
<testsuite xmlns:xsi="http://www.w3.org/2001/XMLSchema-instance" xsi:noNamespaceSchemaLocation="https://maven.apache.org/surefire/maven-surefire-plugin/xsd/surefire-test-report.xsd" name="org.abundis.junit5app.ejemplos.models.CuentaTest" time="6.364" tests="74" errors="0" skipped="8" failures="12">
  <properties>
[...]
</properties>
  <testcase name="testDineroInsuficienteExceptionCuenta" classname="org.abundis.junit5app.ejemplos.models.CuentaTest" time="0.035"/>
  <testcase name="testSaldoCuentaDev" classname="org.abundis.junit5app.ejemplos.models.CuentaTest" time="0">
    <skipped message="Assumption failed: assumption is not true" type="org.opentest4j.TestAbortedException">org.opentest4j.TestAbortedException: Assumption failed: assumption is not true
	at org.abundis.junit5app.ejemplos.models.CuentaTest.testSaldoCuentaDev(CuentaTest.java:293)
</skipped>
    <system-out><![CDATA[Iniciando el método.
Finalizando el método de prueba.
]]></system-out>
  </testcase>
  <testcase name="testSaldoCuentaDev2" classname="org.abundis.junit5app.ejemplos.models.CuentaTest" time="0.003"/>
  <testcase name="testRelacionBancoCuentas" classname="org.abundis.junit5app.ejemplos.models.CuentaTest" time="0.006"/>
  <testcase name="testDebitoCuentaMethodSource{String}[1]" classname="org.abundis.junit5app.ejemplos.models.CuentaTest" time="0.028"/>
  <testcase name="testDebitoCuentaMethodSource{String}[2]" classname="org.abundis.junit5app.ejemplos.models.CuentaTest" time="0.001"/>
  <testcase name="testDebitoCuentaMethodSource{String}[3]" classname="org.abundis.junit5app.ejemplos.models.CuentaTest" time="0.001"/>
  <testcase name="testDebitoCuentaMethodSource{String}[4]" classname="org.abundis.junit5app.ejemplos.models.CuentaTest" time="0.001"/>
  <testcase name="testDebitoCuentaMethodSource{String}[5]" classname="org.abundis.junit5app.ejemplos.models.CuentaTest" time="0.001"/>
  <testcase name="testDebitoCuentaMethodSource{String}[6]" classname="org.abundis.junit5app.ejemplos.models.CuentaTest" time="0.005">
    <failure message="expected: &lt;true&gt; but was: &lt;false&gt;" type="org.opentest4j.AssertionFailedError"><![CDATA[org.opentest4j.AssertionFailedError: expected: <true> but was: <false>
	at org.abundis.junit5app.ejemplos.models.CuentaTest.testDebitoCuentaMethodSource(CuentaTest.java:384)
]]></failure>
    <system-out><![CDATA[Iniciando el método.
Finalizando el método de prueba.
]]></system-out>
  </testcase>
  <testcase name="testDebitoCuentaRepetir{RepetitionInfo}[1]" classname="org.abundis.junit5app.ejemplos.models.CuentaTest" time="0.002"/>
  <testcase name="testDebitoCuentaRepetir{RepetitionInfo}[2]" classname="org.abundis.junit5app.ejemplos.models.CuentaTest" time="0.001"/>
  <testcase name="testDebitoCuentaRepetir{RepetitionInfo}[3]" classname="org.abundis.junit5app.ejemplos.models.CuentaTest" time="0.001"/>
  <testcase name="testDebitoCuentaRepetir{RepetitionInfo}[4]" classname="org.abundis.junit5app.ejemplos.models.CuentaTest" time="0"/>
  <testcase name="testDebitoCuentaRepetir{RepetitionInfo}[5]" classname="org.abundis.junit5app.ejemplos.models.CuentaTest" time="0.001"/>
  <testcase name="pruebaTimeout2" classname="org.abundis.junit5app.ejemplos.models.CuentaTest$EjemplosTimeoutTest" time="0.91"/>
  <testcase name="testTimeoutAssertions" classname="org.abundis.junit5app.ejemplos.models.CuentaTest$EjemplosTimeoutTest" time="4.006"/>
  <testcase name="pruebaTimeout" classname="org.abundis.junit5app.ejemplos.models.CuentaTest$EjemplosTimeoutTest" time="1.002"/>
  <testcase name="testDebitoCuentaCsvSource2{String, String, String, String}[1]" classname="org.abundis.junit5app.ejemplos.models.CuentaTest$PruebasParametrizadasTest" time="0.002">
    <failure message="expected: &lt;Kevin&gt; but was: &lt;Leonel&gt;" type="org.opentest4j.AssertionFailedError"><![CDATA[org.opentest4j.AssertionFailedError: expected: <Kevin> but was: <Leonel>
	at org.abundis.junit5app.ejemplos.models.CuentaTest$PruebasParametrizadasTest.testDebitoCuentaCsvSource2(CuentaTest.java:353)
]]></failure>
    <system-out><![CDATA[Iniciando el método.
200 -> 100
Finalizando el método de prueba.
]]></system-out>
  </testcase>
  <testcase name="testDebitoCuentaCsvSource2{String, String, String, String}[2]" classname="org.abundis.junit5app.ejemplos.models.CuentaTest$PruebasParametrizadasTest" time="0.001"/>
  <testcase name="testDebitoCuentaCsvSource2{String, String, String, String}[3]" classname="org.abundis.junit5app.ejemplos.models.CuentaTest$PruebasParametrizadasTest" time="0.002">
    <failure message="expected: &lt;maria&gt; but was: &lt;Maria&gt;" type="org.opentest4j.AssertionFailedError"><![CDATA[org.opentest4j.AssertionFailedError: expected: <maria> but was: <Maria>
	at org.abundis.junit5app.ejemplos.models.CuentaTest$PruebasParametrizadasTest.testDebitoCuentaCsvSource2(CuentaTest.java:353)
]]></failure>
    <system-out><![CDATA[Iniciando el método.
300 -> 300
Finalizando el método de prueba.
]]></system-out>
  </testcase>
  <testcase name="testDebitoCuentaCsvSource2{String, String, String, String}[4]" classname="org.abundis.junit5app.ejemplos.models.CuentaTest$PruebasParametrizadasTest" time="0.003"/>
  <testcase name="testDebitoCuentaCsvSource2{String, String, String, String}[5]" classname="org.abundis.junit5app.ejemplos.models.CuentaTest$PruebasParametrizadasTest" time="0.002">
    <failure message="expected: &lt;Lucas&gt; but was: &lt;Luca&gt;" type="org.opentest4j.AssertionFailedError"><![CDATA[org.opentest4j.AssertionFailedError: expected: <Lucas> but was: <Luca>
	at org.abundis.junit5app.ejemplos.models.CuentaTest$PruebasParametrizadasTest.testDebitoCuentaCsvSource2(CuentaTest.java:353)
]]></failure>
    <system-out><![CDATA[Iniciando el método.
750 -> 700
Finalizando el método de prueba.
]]></system-out>
  </testcase>
  <testcase name="testDebitoCuentaCsvSource2{String, String, String, String}[6]" classname="org.abundis.junit5app.ejemplos.models.CuentaTest$PruebasParametrizadasTest" time="0.002">
    <failure message="expected: &lt;true&gt; but was: &lt;false&gt;" type="org.opentest4j.AssertionFailedError"><![CDATA[org.opentest4j.AssertionFailedError: expected: <true> but was: <false>
	at org.abundis.junit5app.ejemplos.models.CuentaTest$PruebasParametrizadasTest.testDebitoCuentaCsvSource2(CuentaTest.java:354)
]]></failure>
    <system-out><![CDATA[Iniciando el método.
1000.12345 -> 1000.12345
Finalizando el método de prueba.
]]></system-out>
  </testcase>
  <testcase name="testDebitoCuentaCsvSource{String, String}[1]" classname="org.abundis.junit5app.ejemplos.models.CuentaTest$PruebasParametrizadasTest" time="0.003"/>
  <testcase name="testDebitoCuentaCsvSource{String, String}[2]" classname="org.abundis.junit5app.ejemplos.models.CuentaTest$PruebasParametrizadasTest" time="0.001"/>
  <testcase name="testDebitoCuentaCsvSource{String, String}[3]" classname="org.abundis.junit5app.ejemplos.models.CuentaTest$PruebasParametrizadasTest" time="0"/>
  <testcase name="testDebitoCuentaCsvSource{String, String}[4]" classname="org.abundis.junit5app.ejemplos.models.CuentaTest$PruebasParametrizadasTest" time="0"/>
  <testcase name="testDebitoCuentaCsvSource{String, String}[5]" classname="org.abundis.junit5app.ejemplos.models.CuentaTest$PruebasParametrizadasTest" time="0.001"/>
  <testcase name="testDebitoCuentaCsvSource{String, String}[6]" classname="org.abundis.junit5app.ejemplos.models.CuentaTest$PruebasParametrizadasTest" time="0.006">
    <failure message="expected: &lt;true&gt; but was: &lt;false&gt;" type="org.opentest4j.AssertionFailedError"><![CDATA[org.opentest4j.AssertionFailedError: expected: <true> but was: <false>
	at org.abundis.junit5app.ejemplos.models.CuentaTest$PruebasParametrizadasTest.testDebitoCuentaCsvSource(CuentaTest.java:341)
]]></failure>
    <system-out><![CDATA[Iniciando el método.
6 -> 1000.12345
Finalizando el método de prueba.
]]></system-out>
  </testcase>
  <testcase name="testDebitoCuentaCsvFileSource{String}[1]" classname="org.abundis.junit5app.ejemplos.models.CuentaTest$PruebasParametrizadasTest" time="0.002"/>
  <testcase name="testDebitoCuentaCsvFileSource{String}[2]" classname="org.abundis.junit5app.ejemplos.models.CuentaTest$PruebasParametrizadasTest" time="0.001"/>
  <testcase name="testDebitoCuentaCsvFileSource{String}[3]" classname="org.abundis.junit5app.ejemplos.models.CuentaTest$PruebasParametrizadasTest" time="0.001"/>
  <testcase name="testDebitoCuentaCsvFileSource{String}[4]" classname="org.abundis.junit5app.ejemplos.models.CuentaTest$PruebasParametrizadasTest" time="0.001"/>
  <testcase name="testDebitoCuentaCsvFileSource{String}[5]" classname="org.abundis.junit5app.ejemplos.models.CuentaTest$PruebasParametrizadasTest" time="0.001"/>
  <testcase name="testDebitoCuentaCsvFileSource{String}[6]" classname="org.abundis.junit5app.ejemplos.models.CuentaTest$PruebasParametrizadasTest" time="0.001"/>
  <testcase name="testDebitoCuentaCsvFileSource{String}[7]" classname="org.abundis.junit5app.ejemplos.models.CuentaTest$PruebasParametrizadasTest" time="0.001">
    <failure message="expected: &lt;true&gt; but was: &lt;false&gt;" type="org.opentest4j.AssertionFailedError"><![CDATA[org.opentest4j.AssertionFailedError: expected: <true> but was: <false>
	at org.abundis.junit5app.ejemplos.models.CuentaTest$PruebasParametrizadasTest.testDebitoCuentaCsvFileSource(CuentaTest.java:362)
]]></failure>
    <system-out><![CDATA[Iniciando el método.
Finalizando el método de prueba.
]]></system-out>
  </testcase>
  <testcase name="testDebitoCuentaCsvFileSource2{String, String, String, String}[1]" classname="org.abundis.junit5app.ejemplos.models.CuentaTest$PruebasParametrizadasTest" time="0.002">
    <failure message="expected: &lt;Kevin&gt; but was: &lt;Leonel&gt;" type="org.opentest4j.AssertionFailedError"><![CDATA[org.opentest4j.AssertionFailedError: expected: <Kevin> but was: <Leonel>
	at org.abundis.junit5app.ejemplos.models.CuentaTest$PruebasParametrizadasTest.testDebitoCuentaCsvFileSource2(CuentaTest.java:373)
]]></failure>
    <system-out><![CDATA[Iniciando el método.
Finalizando el método de prueba.
]]></system-out>
  </testcase>
  <testcase name="testDebitoCuentaCsvFileSource2{String, String, String, String}[2]" classname="org.abundis.junit5app.ejemplos.models.CuentaTest$PruebasParametrizadasTest" time="0.001"/>
  <testcase name="testDebitoCuentaCsvFileSource2{String, String, String, String}[3]" classname="org.abundis.junit5app.ejemplos.models.CuentaTest$PruebasParametrizadasTest" time="0.002">
    <failure message="expected: &lt;maria&gt; but was: &lt;Maria&gt;" type="org.opentest4j.AssertionFailedError"><![CDATA[org.opentest4j.AssertionFailedError: expected: <maria> but was: <Maria>
	at org.abundis.junit5app.ejemplos.models.CuentaTest$PruebasParametrizadasTest.testDebitoCuentaCsvFileSource2(CuentaTest.java:373)
]]></failure>
    <system-out><![CDATA[Iniciando el método.
Finalizando el método de prueba.
]]></system-out>
  </testcase>
  <testcase name="testDebitoCuentaCsvFileSource2{String, String, String, String}[4]" classname="org.abundis.junit5app.ejemplos.models.CuentaTest$PruebasParametrizadasTest" time="0.001"/>
  <testcase name="testDebitoCuentaCsvFileSource2{String, String, String, String}[5]" classname="org.abundis.junit5app.ejemplos.models.CuentaTest$PruebasParametrizadasTest" time="0.001">
    <failure message="expected: &lt;Lucas&gt; but was: &lt;Luca&gt;" type="org.opentest4j.AssertionFailedError"><![CDATA[org.opentest4j.AssertionFailedError: expected: <Lucas> but was: <Luca>
	at org.abundis.junit5app.ejemplos.models.CuentaTest$PruebasParametrizadasTest.testDebitoCuentaCsvFileSource2(CuentaTest.java:373)
]]></failure>
    <system-out><![CDATA[Iniciando el método.
Finalizando el método de prueba.
]]></system-out>
  </testcase>
  <testcase name="testDebitoCuentaCsvFileSource2{String, String, String, String}[6]" classname="org.abundis.junit5app.ejemplos.models.CuentaTest$PruebasParametrizadasTest" time="0.001">
    <failure message="expected: &lt;true&gt; but was: &lt;false&gt;" type="org.opentest4j.AssertionFailedError"><![CDATA[org.opentest4j.AssertionFailedError: expected: <true> but was: <false>
	at org.abundis.junit5app.ejemplos.models.CuentaTest$PruebasParametrizadasTest.testDebitoCuentaCsvFileSource2(CuentaTest.java:374)
]]></failure>
    <system-out><![CDATA[Iniciando el método.
Finalizando el método de prueba.
]]></system-out>
  </testcase>
  <testcase name="testDebitoCuentaValueSource{String}[1]" classname="org.abundis.junit5app.ejemplos.models.CuentaTest$PruebasParametrizadasTest" time="0.001"/>
  <testcase name="testDebitoCuentaValueSource{String}[2]" classname="org.abundis.junit5app.ejemplos.models.CuentaTest$PruebasParametrizadasTest" time="0"/>
  <testcase name="testDebitoCuentaValueSource{String}[3]" classname="org.abundis.junit5app.ejemplos.models.CuentaTest$PruebasParametrizadasTest" time="0.002"/>
  <testcase name="testDebitoCuentaValueSource{String}[4]" classname="org.abundis.junit5app.ejemplos.models.CuentaTest$PruebasParametrizadasTest" time="0.001"/>
  <testcase name="testDebitoCuentaValueSource{String}[5]" classname="org.abundis.junit5app.ejemplos.models.CuentaTest$PruebasParametrizadasTest" time="0.001"/>
  <testcase name="testDebitoCuentaValueSource{String}[6]" classname="org.abundis.junit5app.ejemplos.models.CuentaTest$PruebasParametrizadasTest" time="0.002">
    <failure message="expected: &lt;true&gt; but was: &lt;false&gt;" type="org.opentest4j.AssertionFailedError"><![CDATA[org.opentest4j.AssertionFailedError: expected: <true> but was: <false>
	at org.abundis.junit5app.ejemplos.models.CuentaTest$PruebasParametrizadasTest.testDebitoCuentaValueSource(CuentaTest.java:332)
]]></failure>
    <system-out><![CDATA[Iniciando el método.
Finalizando el método de prueba.
]]></system-out>
  </testcase>
  <testcase name="testProcesadores" classname="org.abundis.junit5app.ejemplos.models.CuentaTest$VariablesAmbienteTest" time="0.001"/>
  <testcase name="testEnv" classname="org.abundis.junit5app.ejemplos.models.CuentaTest$VariablesAmbienteTest" time="0">
    <skipped message="Environment variable [ENVIRONMENT] does not exist"/>
  </testcase>
  <testcase name="testEnvProdDisabled" classname="org.abundis.junit5app.ejemplos.models.CuentaTest$VariablesAmbienteTest" time="0.001"/>
  <testcase name="testJavaHome" classname="org.abundis.junit5app.ejemplos.models.CuentaTest$VariablesAmbienteTest" time="0.002"/>
  <testcase name="imprimirVariablesAmbiente" classname="org.abundis.junit5app.ejemplos.models.CuentaTest$VariablesAmbienteTest" time="0.024"/>
  <testcase name="testDev" classname="org.abundis.junit5app.ejemplos.models.CuentaTest$SystemPropertiesTest" time="0">
    <skipped message="System property [ENV] does not exist"/>
  </testcase>
  <testcase name="testUserName" classname="org.abundis.junit5app.ejemplos.models.CuentaTest$SystemPropertiesTest" time="0"/>
  <testcase name="testJavaVersion1" classname="org.abundis.junit5app.ejemplos.models.CuentaTest$SystemPropertiesTest" time="0.001"/>
  <testcase name="testJavaVersion2" classname="org.abundis.junit5app.ejemplos.models.CuentaTest$SystemPropertiesTest" time="0.001"/>
  <testcase name="imprimirSystemProperties" classname="org.abundis.junit5app.ejemplos.models.CuentaTest$SystemPropertiesTest" time="0.012"/>
  <testcase name="testSolo32" classname="org.abundis.junit5app.ejemplos.models.CuentaTest$SystemPropertiesTest" time="0">
    <skipped message="System property [os.arch] with value [amd64] does not match regular expression [.*32.*]"/>
  </testcase>
  <testcase name="testSolo64" classname="org.abundis.junit5app.ejemplos.models.CuentaTest$SystemPropertiesTest" time="0.003"/>
  <testcase name="testSoloJDK8" classname="org.abundis.junit5app.ejemplos.models.CuentaTest$JavaVersionTest" time="0.002"/>
  <testcase name="testSoloJDK15" classname="org.abundis.junit5app.ejemplos.models.CuentaTest$JavaVersionTest" time="0">
    <skipped message="Disabled on JRE version: 1.8.0_201"/>
  </testcase>
  <testcase name="testNoJDK8" classname="org.abundis.junit5app.ejemplos.models.CuentaTest$JavaVersionTest" time="0">
    <skipped message="Disabled on JRE version: 1.8.0_201"/>
  </testcase>
  <testcase name="testNoJDK15" classname="org.abundis.junit5app.ejemplos.models.CuentaTest$JavaVersionTest" time="0.003"/>
  <testcase name="testNoWindows" classname="org.abundis.junit5app.ejemplos.models.CuentaTest$SistemaOperativoTest" time="0">
    <skipped message="Disabled on operating system: Windows 10"/>
  </testcase>
  <testcase name="testSoloLinuxMac" classname="org.abundis.junit5app.ejemplos.models.CuentaTest$SistemaOperativoTest" time="0">
    <skipped message="Disabled on operating system: Windows 10"/>
  </testcase>
  <testcase name="testSoloWindows" classname="org.abundis.junit5app.ejemplos.models.CuentaTest$SistemaOperativoTest" time="0.001"/>
  <testcase name="testCreditoCuenta" classname="org.abundis.junit5app.ejemplos.models.CuentaTest$CuentaOperacionesTest" time="0.001"/>
  <testcase name="testDebitoCuenta" classname="org.abundis.junit5app.ejemplos.models.CuentaTest$CuentaOperacionesTest" time="0.001"/>
  <testcase name="testTransferirDineroCuentas" classname="org.abundis.junit5app.ejemplos.models.CuentaTest$CuentaOperacionesTest" time="0.001"/>
  <testcase name="testSaldoCuenta" classname="org.abundis.junit5app.ejemplos.models.CuentaTest$CuentaTestNombreSaldo" time="0.001"/>
  <testcase name="testReferenciaCuenta" classname="org.abundis.junit5app.ejemplos.models.CuentaTest$CuentaTestNombreSaldo" time="0.001"/>
  <testcase name="testNombreCuenta" classname="org.abundis.junit5app.ejemplos.models.CuentaTest$CuentaTestNombreSaldo" time="0.002"/>
</testsuite>